[debug] [2026-01-23T13:03:12.564Z] ----------------------------------------------------------------------
[debug] [2026-01-23T13:03:12.566Z] Command:       D:\Program Files\node js\node.exe C:\Users\mabdu\AppData\Roaming\npm\node_modules\firebase-tools\lib\bin\firebase.js init hosting
[debug] [2026-01-23T13:03:12.567Z] CLI Version:   15.4.0
[debug] [2026-01-23T13:03:12.567Z] Platform:      win32
[debug] [2026-01-23T13:03:12.567Z] Node Version:  v22.18.0
[debug] [2026-01-23T13:03:12.567Z] Time:          Fri Jan 23 2026 18:03:12 GMT+0500 (Pakistan Standard Time)
[debug] [2026-01-23T13:03:12.567Z] ----------------------------------------------------------------------
[debug] 
[info] 
     ######## #### ########  ######## ########     ###     ######  ########
     ##        ##  ##     ## ##       ##     ##  ##   ##  ##       ##
     ######    ##  ########  ######   ########  #########  ######  ######
     ##        ##  ##    ##  ##       ##     ## ##     ##       ## ##
     ##       #### ##     ## ######## ########  ##     ##  ######  ########

You're about to initialize a Firebase project in this directory:

  E:\UNIVERSITY\Side Projects\Interview Quiz

[info] 
=== Project Setup
[info] 
[info] First, let's associate this project directory with a Firebase project.
[info] You can create multiple project aliases by running firebase use --add, 
[info] 
[info] 
=== Hosting Setup
[info] 
[info] Your public directory is the folder (relative to your project directory) that
[info] will contain Hosting assets to be uploaded with firebase deploy. If you
[info] have a build process for your assets, use your build's output directory.
[info] 
